@echo off
chcp 65001 > nul
setlocal EnableDelayedExpansion
echo.
echo â•”â•â•â•â•â•â•â•â•â•â•â•â•â•â•â•â•â•â•â•â•â•â•â•â•â•â•â•â•â•â•â•â•â•â•â•â•â•â•â•â•â•â•â•â•â•â•â•â•â•â•â•â•â•â•â•â•â•â•â•â•â•â•â•â•â•â•â•â•â•â•â•â•â•â•â•â•â•—
echo â•‘         ðŸ§ª TEST HOTFIX v5.0.30 - SIMPLIFICACIÃ“N UI                        â•‘
echo â•‘         VerificaciÃ³n de eliminaciÃ³n de proceso completo                   â•‘
echo â•šâ•â•â•â•â•â•â•â•â•â•â•â•â•â•â•â•â•â•â•â•â•â•â•â•â•â•â•â•â•â•â•â•â•â•â•â•â•â•â•â•â•â•â•â•â•â•â•â•â•â•â•â•â•â•â•â•â•â•â•â•â•â•â•â•â•â•â•â•â•â•â•â•â•â•â•â•â•
echo.

set "TESTS_PASSED=0"
set "TESTS_FAILED=0"
set "TESTS_TOTAL=8"

echo [TEST 1/8] Verificando versiÃ³n en manifest.json...
findstr /C:"\"version\": \"5.0.30\"" manifest.json > nul
if !errorlevel! == 0 (
    echo âœ… VersiÃ³n correcta en manifest.json
    set /a TESTS_PASSED+=1
) else (
    echo âŒ Error: VersiÃ³n incorrecta en manifest.json
    set /a TESTS_FAILED+=1
)

echo.
echo [TEST 2/8] Verificando que NO existe la secciÃ³n complete-process en popup.html...
findstr /C:"complete-process-section" src\popup.html > nul
if !errorlevel! == 1 (
    echo âœ… SecciÃ³n complete-process ELIMINADA correctamente de HTML
    set /a TESTS_PASSED+=1
) else (
    echo âŒ Error: TodavÃ­a existe la secciÃ³n complete-process en HTML
    set /a TESTS_FAILED+=1
)

echo.
echo [TEST 3/8] Verificando que NO existe populateCompleteProcessSimulation en popup.js...
findstr /C:"populateCompleteProcessSimulation" src\popup.js > nul
if !errorlevel! == 1 (
    echo âœ… FunciÃ³n populateCompleteProcessSimulation ELIMINADA correctamente
    set /a TESTS_PASSED+=1
) else (
    echo âŒ Error: TodavÃ­a existe la funciÃ³n populateCompleteProcessSimulation
    set /a TESTS_FAILED+=1
)

echo.
echo [TEST 4/8] Verificando que NO existe calculateTotalProcessTime en popup.js...
findstr /C:"calculateTotalProcessTime" src\popup.js > nul
if !errorlevel! == 1 (
    echo âœ… FunciÃ³n calculateTotalProcessTime ELIMINADA correctamente
    set /a TESTS_PASSED+=1
) else (
    echo âŒ Error: TodavÃ­a existe la funciÃ³n calculateTotalProcessTime
    set /a TESTS_FAILED+=1
)

echo.
echo [TEST 5/8] Verificando que NO existen estilos de .complete-process-section en popup.css...
findstr /C:".complete-process-section" src\popup.css > nul
if !errorlevel! == 1 (
    echo âœ… Estilos de complete-process ELIMINADOS correctamente
    set /a TESTS_PASSED+=1
) else (
    echo âŒ Error: TodavÃ­a existen estilos de complete-process
    set /a TESTS_FAILED+=1
)

echo.
echo [TEST 6/8] Verificando que NO existen estilos de .process-step en popup.css...
findstr /C:".process-step" src\popup.css > nul
if !errorlevel! == 1 (
    echo âœ… Estilos de process-step ELIMINADOS correctamente
    set /a TESTS_PASSED+=1
) else (
    echo âŒ Error: TodavÃ­a existen estilos de process-step
    set /a TESTS_FAILED+=1
)

echo.
echo [TEST 7/8] Verificando que SÃ existe la funciÃ³n calculateSimulation en popup.js...
findstr /C:"async function calculateSimulation" src\popup.js > nul
if !errorlevel! == 0 (
    echo âœ… FunciÃ³n calculateSimulation MANTENIDA correctamente
    set /a TESTS_PASSED+=1
) else (
    echo âŒ Error: No se encuentra la funciÃ³n calculateSimulation
    set /a TESTS_FAILED+=1
)

echo.
echo [TEST 8/8] Verificando que SÃ existe la funciÃ³n generateRiskMatrix en popup.js...
findstr /C:"function generateRiskMatrix" src\popup.js > nul
if !errorlevel! == 0 (
    echo âœ… FunciÃ³n generateRiskMatrix MANTENIDA correctamente
    set /a TESTS_PASSED+=1
) else (
    echo âŒ Error: No se encuentra la funciÃ³n generateRiskMatrix
    set /a TESTS_FAILED+=1
)

echo.
echo â•”â•â•â•â•â•â•â•â•â•â•â•â•â•â•â•â•â•â•â•â•â•â•â•â•â•â•â•â•â•â•â•â•â•â•â•â•â•â•â•â•â•â•â•â•â•â•â•â•â•â•â•â•â•â•â•â•â•â•â•â•â•â•â•â•â•â•â•â•â•â•â•â•â•â•â•â•â•—
echo â•‘                           ðŸ“Š RESULTADOS FINALES                            â•‘
echo â•šâ•â•â•â•â•â•â•â•â•â•â•â•â•â•â•â•â•â•â•â•â•â•â•â•â•â•â•â•â•â•â•â•â•â•â•â•â•â•â•â•â•â•â•â•â•â•â•â•â•â•â•â•â•â•â•â•â•â•â•â•â•â•â•â•â•â•â•â•â•â•â•â•â•â•â•â•â•
echo.
echo Total de tests: %TESTS_TOTAL%
echo Tests exitosos: %TESTS_PASSED%
echo Tests fallidos: %TESTS_FAILED%
echo.

if %TESTS_FAILED% == 0 (
    echo â•”â•â•â•â•â•â•â•â•â•â•â•â•â•â•â•â•â•â•â•â•â•â•â•â•â•â•â•â•â•â•â•â•â•â•â•â•â•â•â•â•â•â•â•â•â•â•â•â•â•â•â•â•â•â•â•â•â•â•â•â•â•â•â•â•â•â•â•â•â•â•â•â•â•â•â•â•â•—
    echo â•‘   âœ…âœ…âœ… TODOS LOS TESTS PASARON - HOTFIX v5.0.30 EXITOSO âœ…âœ…âœ…           â•‘
    echo â•šâ•â•â•â•â•â•â•â•â•â•â•â•â•â•â•â•â•â•â•â•â•â•â•â•â•â•â•â•â•â•â•â•â•â•â•â•â•â•â•â•â•â•â•â•â•â•â•â•â•â•â•â•â•â•â•â•â•â•â•â•â•â•â•â•â•â•â•â•â•â•â•â•â•â•â•â•â•
    echo.
    echo ðŸ“‹ CÃ³digo eliminado correctamente:
    echo    - SecciÃ³n complete-process-section en HTML
    echo    - Funciones populateCompleteProcessSimulation y calculateTotalProcessTime
    echo    - Estilos CSS relacionados con proceso completo
    echo.
    echo ðŸ“‹ Funcionalidades mantenidas:
    echo    - Simulador bÃ¡sico ^(calculateSimulation^)
    echo    - Matriz de riesgo/rendimiento ^(generateRiskMatrix^)
    echo    - Validaciones de seguridad ^(v5.0.28^)
    echo    - MÃ©todos estadÃ­sticos robustos ^(v5.0.29^)
    echo.
    echo âœ¨ La interfaz estÃ¡ mÃ¡s limpia y enfocada
    echo ðŸš€ Lista para pruebas de usuario
) else (
    echo â•”â•â•â•â•â•â•â•â•â•â•â•â•â•â•â•â•â•â•â•â•â•â•â•â•â•â•â•â•â•â•â•â•â•â•â•â•â•â•â•â•â•â•â•â•â•â•â•â•â•â•â•â•â•â•â•â•â•â•â•â•â•â•â•â•â•â•â•â•â•â•â•â•â•â•â•â•â•—
    echo â•‘   âŒâŒâŒ ALGUNOS TESTS FALLARON - REVISAR IMPLEMENTACIÃ“N âŒâŒâŒ           â•‘
    echo â•šâ•â•â•â•â•â•â•â•â•â•â•â•â•â•â•â•â•â•â•â•â•â•â•â•â•â•â•â•â•â•â•â•â•â•â•â•â•â•â•â•â•â•â•â•â•â•â•â•â•â•â•â•â•â•â•â•â•â•â•â•â•â•â•â•â•â•â•â•â•â•â•â•â•â•â•â•â•
    echo.
    echo âš ï¸ Revisa los errores anteriores antes de continuar
)

echo.
echo Presiona cualquier tecla para cerrar...
pause > nul
